Performing C SOURCE FILE Test CMAKE_HAVE_LIBC_PTHREAD failed with the following output:
Change Dir: /data/Projects/GitProjects/mt-course/lab4_try2/src/results/expression_generated/cmake-build-debug/CMakeFiles/CMakeTmp

Run Build Command(s):/usr/bin/make cmTC_ff5e8/fast && /usr/bin/make  -f CMakeFiles/cmTC_ff5e8.dir/build.make CMakeFiles/cmTC_ff5e8.dir/build
make[1]: вход в каталог «/data/Projects/GitProjects/mt-course/lab4_try2/src/results/expression_generated/cmake-build-debug/CMakeFiles/CMakeTmp»
Building C object CMakeFiles/cmTC_ff5e8.dir/src.c.o
/usr/bin/cc   -DCMAKE_HAVE_LIBC_PTHREAD   -o CMakeFiles/cmTC_ff5e8.dir/src.c.o   -c /data/Projects/GitProjects/mt-course/lab4_try2/src/results/expression_generated/cmake-build-debug/CMakeFiles/CMakeTmp/src.c
Linking C executable cmTC_ff5e8
/snap/clion/138/bin/cmake/linux/bin/cmake -E cmake_link_script CMakeFiles/cmTC_ff5e8.dir/link.txt --verbose=1
/usr/bin/cc  -DCMAKE_HAVE_LIBC_PTHREAD    -rdynamic CMakeFiles/cmTC_ff5e8.dir/src.c.o  -o cmTC_ff5e8 
/usr/bin/ld: CMakeFiles/cmTC_ff5e8.dir/src.c.o: в функции «main»:
src.c:(.text+0x46): неопределённая ссылка на «pthread_create»
/usr/bin/ld: src.c:(.text+0x52): неопределённая ссылка на «pthread_detach»
/usr/bin/ld: src.c:(.text+0x5e): неопределённая ссылка на «pthread_cancel»
/usr/bin/ld: src.c:(.text+0x6f): неопределённая ссылка на «pthread_join»
collect2: error: ld returned 1 exit status
make[1]: *** [CMakeFiles/cmTC_ff5e8.dir/build.make:107: cmTC_ff5e8] Ошибка 1
make[1]: выход из каталога «/data/Projects/GitProjects/mt-course/lab4_try2/src/results/expression_generated/cmake-build-debug/CMakeFiles/CMakeTmp»
make: *** [Makefile:141: cmTC_ff5e8/fast] Ошибка 2


Source file was:
#include <pthread.h>

void* test_func(void* data)
{
  return data;
}

int main(void)
{
  pthread_t thread;
  pthread_create(&thread, NULL, test_func, NULL);
  pthread_detach(thread);
  pthread_cancel(thread);
  pthread_join(thread, NULL);
  pthread_atfork(NULL, NULL, NULL);
  pthread_exit(NULL);

  return 0;
}

Determining if the function pthread_create exists in the pthreads failed with the following output:
Change Dir: /data/Projects/GitProjects/mt-course/lab4_try2/src/results/expression_generated/cmake-build-debug/CMakeFiles/CMakeTmp

Run Build Command(s):/usr/bin/make cmTC_0c8d9/fast && /usr/bin/make  -f CMakeFiles/cmTC_0c8d9.dir/build.make CMakeFiles/cmTC_0c8d9.dir/build
make[1]: вход в каталог «/data/Projects/GitProjects/mt-course/lab4_try2/src/results/expression_generated/cmake-build-debug/CMakeFiles/CMakeTmp»
Building C object CMakeFiles/cmTC_0c8d9.dir/CheckFunctionExists.c.o
/usr/bin/cc   -DCHECK_FUNCTION_EXISTS=pthread_create   -o CMakeFiles/cmTC_0c8d9.dir/CheckFunctionExists.c.o   -c /snap/clion/138/bin/cmake/linux/share/cmake-3.17/Modules/CheckFunctionExists.c
Linking C executable cmTC_0c8d9
/snap/clion/138/bin/cmake/linux/bin/cmake -E cmake_link_script CMakeFiles/cmTC_0c8d9.dir/link.txt --verbose=1
/usr/bin/cc  -DCHECK_FUNCTION_EXISTS=pthread_create    -rdynamic CMakeFiles/cmTC_0c8d9.dir/CheckFunctionExists.c.o  -o cmTC_0c8d9  -lpthreads 
/usr/bin/ld: невозможно найти -lpthreads
collect2: error: ld returned 1 exit status
make[1]: *** [CMakeFiles/cmTC_0c8d9.dir/build.make:107: cmTC_0c8d9] Ошибка 1
make[1]: выход из каталога «/data/Projects/GitProjects/mt-course/lab4_try2/src/results/expression_generated/cmake-build-debug/CMakeFiles/CMakeTmp»
make: *** [Makefile:141: cmTC_0c8d9/fast] Ошибка 2



